Determining if the pthread_create exist failed with the following output:
Change Dir: /home/scp/iiit-delhi/Ardupilot-using-ROS/ardupilot_ws/build/my_APMrover/CMakeFiles/CMakeTmp

Run Build Command:"/usr/bin/make" "cmTC_62d78/fast"
/usr/bin/make -f CMakeFiles/cmTC_62d78.dir/build.make CMakeFiles/cmTC_62d78.dir/build
make[1]: Entering directory '/home/scp/iiit-delhi/Ardupilot-using-ROS/ardupilot_ws/build/my_APMrover/CMakeFiles/CMakeTmp'
Building C object CMakeFiles/cmTC_62d78.dir/CheckSymbolExists.c.o
/usr/lib/ccache/cc     -o CMakeFiles/cmTC_62d78.dir/CheckSymbolExists.c.o   -c /home/scp/iiit-delhi/Ardupilot-using-ROS/ardupilot_ws/build/my_APMrover/CMakeFiles/CMakeTmp/CheckSymbolExists.c
Linking C executable cmTC_62d78
/usr/bin/cmake -E cmake_link_script CMakeFiles/cmTC_62d78.dir/link.txt --verbose=1
/usr/lib/ccache/cc       CMakeFiles/cmTC_62d78.dir/CheckSymbolExists.c.o  -o cmTC_62d78 -rdynamic 
CMakeFiles/cmTC_62d78.dir/CheckSymbolExists.c.o: In function `main':
CheckSymbolExists.c:(.text+0xa): undefined reference to `pthread_create'
collect2: error: ld returned 1 exit status
CMakeFiles/cmTC_62d78.dir/build.make:97: recipe for target 'cmTC_62d78' failed
make[1]: *** [cmTC_62d78] Error 1
make[1]: Leaving directory '/home/scp/iiit-delhi/Ardupilot-using-ROS/ardupilot_ws/build/my_APMrover/CMakeFiles/CMakeTmp'
Makefile:126: recipe for target 'cmTC_62d78/fast' failed
make: *** [cmTC_62d78/fast] Error 2

File /home/scp/iiit-delhi/Ardupilot-using-ROS/ardupilot_ws/build/my_APMrover/CMakeFiles/CMakeTmp/CheckSymbolExists.c:
/* */
#include <pthread.h>

int main(int argc, char** argv)
{
  (void)argv;
#ifndef pthread_create
  return ((int*)(&pthread_create))[argc];
#else
  (void)argc;
  return 0;
#endif
}

Determining if the function pthread_create exists in the pthreads failed with the following output:
Change Dir: /home/scp/iiit-delhi/Ardupilot-using-ROS/ardupilot_ws/build/my_APMrover/CMakeFiles/CMakeTmp

Run Build Command:"/usr/bin/make" "cmTC_144a2/fast"
/usr/bin/make -f CMakeFiles/cmTC_144a2.dir/build.make CMakeFiles/cmTC_144a2.dir/build
make[1]: Entering directory '/home/scp/iiit-delhi/Ardupilot-using-ROS/ardupilot_ws/build/my_APMrover/CMakeFiles/CMakeTmp'
Building C object CMakeFiles/cmTC_144a2.dir/CheckFunctionExists.c.o
/usr/lib/ccache/cc    -DCHECK_FUNCTION_EXISTS=pthread_create   -o CMakeFiles/cmTC_144a2.dir/CheckFunctionExists.c.o   -c /usr/share/cmake-3.5/Modules/CheckFunctionExists.c
Linking C executable cmTC_144a2
/usr/bin/cmake -E cmake_link_script CMakeFiles/cmTC_144a2.dir/link.txt --verbose=1
/usr/lib/ccache/cc   -DCHECK_FUNCTION_EXISTS=pthread_create    CMakeFiles/cmTC_144a2.dir/CheckFunctionExists.c.o  -o cmTC_144a2 -rdynamic -lpthreads 
/usr/bin/ld: cannot find -lpthreads
collect2: error: ld returned 1 exit status
CMakeFiles/cmTC_144a2.dir/build.make:97: recipe for target 'cmTC_144a2' failed
make[1]: *** [cmTC_144a2] Error 1
make[1]: Leaving directory '/home/scp/iiit-delhi/Ardupilot-using-ROS/ardupilot_ws/build/my_APMrover/CMakeFiles/CMakeTmp'
Makefile:126: recipe for target 'cmTC_144a2/fast' failed
make: *** [cmTC_144a2/fast] Error 2


